{"devicePlatform":"","logFolder":"C:\\Users\\If\\git\\234project-backend\\Reports\\Login user\\20180509_152608","runData":{"hostName":"If - DESKTOP-ESPG549","os":"Windows 10 64bit","katalonVersion":"5.3.1.1","browser":"Chrome 66.0.3359.139","hostAddress":"169.254.218.248","sessionId":"0af8c18c5771771e58d151ff1c457dd8","seleniumVersion":"3.7.1","proxyInformation":"ProxyInformation{proxyOption\u003dNO_PROXY, proxyServerType\u003dHTTP, password\u003d, proxyServerAddress\u003d, proxyServerPort\u003d0}","platform":"Windows 10"},"type":"TEST_SUITE","name":"Login user","id":"Test Suites/Login user","source":"","message":"Test Cases/User require password FAILED because (of) Unable to set text \u0027sdfg\u0027 of object \u0027Object Repository/User require password/Page_ProjectBackend/input_username\u0027 (Root cause: com.kms.katalon.core.webui.exception.WebElementNotFoundException: Web element with id: \u0027Object Repository/User require password/Page_ProjectBackend/input_username\u0027 located by \u0027By.xpath: //input[@name \u003d \u0027username\u0027 and @type \u003d \u0027text\u0027]\u0027 not found)","description":"","startTime":1525854371235,"endTime":1525854410116,"childRecords":[{"isOptional":false,"type":"TEST_CASE","name":"Test Cases/User require password","id":"Test Cases/User require password","source":"C:\\\\Users\\\\If\\\\git\\\\234project-backend\\\\Test Cases\\\\User require password.tc","message":"Test Cases/User require password FAILED because (of) Unable to set text \u0027sdfg\u0027 of object \u0027Object Repository/User require password/Page_ProjectBackend/input_username\u0027 (Root cause: com.kms.katalon.core.webui.exception.WebElementNotFoundException: Web element with id: \u0027Object Repository/User require password/Page_ProjectBackend/input_username\u0027 located by \u0027By.xpath: //input[@name \u003d \u0027username\u0027 and @type \u003d \u0027text\u0027]\u0027 not found)","description":"","startTime":1525854372076,"endTime":1525854409157,"childRecords":[{"testStatus":{"stackTrace":"","statusValue":"INFO"},"type":"MESSAGE","name":"","message":"Evaluating variables for test case","startTime":1525854372239,"endTime":0,"childRecords":[],"interuppted":false},{"testStatus":{"stackTrace":"","statusValue":"INFO"},"type":"MESSAGE","name":"","message":"Variable \u0027username\u0027 is set to username as default","startTime":1525854372379,"endTime":0,"childRecords":[],"interuppted":false},{"testStatus":{"stackTrace":"","statusValue":"INFO"},"type":"MESSAGE","name":"","message":"Variable \u0027password\u0027 is set to password as default","startTime":1525854372423,"endTime":0,"childRecords":[],"interuppted":false},{"index":1,"isIgnoredIfFailed":false,"type":"TEST_STEP","name":"openBrowser","message":"Browser is opened with url: \u0027\u0027","description":"","startTime":1525854372961,"endTime":1525854376748,"childRecords":[{"testStatus":{"stackTrace":"","statusValue":"PASSED"},"type":"MESSAGE","name":"","message":"Browser is opened with url: \u0027\u0027","startTime":1525854376747,"endTime":0,"childRecords":[],"interuppted":false}],"interuppted":false},{"attachment":"1525854408564.png","index":2,"isIgnoredIfFailed":false,"type":"TEST_STEP","name":"setText","message":"Unable to set text \u0027sdfg\u0027 of object \u0027Object Repository/User require password/Page_ProjectBackend/input_username\u0027 (Root cause: com.kms.katalon.core.webui.exception.WebElementNotFoundException: Web element with id: \u0027Object Repository/User require password/Page_ProjectBackend/input_username\u0027 located by \u0027By.xpath: //input[@name \u003d \u0027username\u0027 and @type \u003d \u0027text\u0027]\u0027 not found)","description":"","startTime":1525854376749,"endTime":1525854409149,"childRecords":[{"testStatus":{"stackTrace":"","statusValue":"FAILED"},"attachment":"1525854408564.png","type":"MESSAGE","name":"","message":"Unable to set text \u0027sdfg\u0027 of object \u0027Object Repository/User require password/Page_ProjectBackend/input_username\u0027 (Root cause: com.kms.katalon.core.webui.exception.WebElementNotFoundException: Web element with id: \u0027Object Repository/User require password/Page_ProjectBackend/input_username\u0027 located by \u0027By.xpath: //input[@name \u003d \u0027username\u0027 and @type \u003d \u0027text\u0027]\u0027 not found)","startTime":1525854409149,"endTime":0,"childRecords":[],"interuppted":false}],"interuppted":false},{"testStatus":{"stackTrace":"","statusValue":"FAILED"},"type":"MESSAGE","name":"","message":"Test Cases/User require password FAILED because (of) Unable to set text \u0027sdfg\u0027 of object \u0027Object Repository/User require password/Page_ProjectBackend/input_username\u0027 (Root cause: com.kms.katalon.core.webui.exception.WebElementNotFoundException: Web element with id: \u0027Object Repository/User require password/Page_ProjectBackend/input_username\u0027 located by \u0027By.xpath: //input[@name \u003d \u0027username\u0027 and @type \u003d \u0027text\u0027]\u0027 not found)","startTime":1525854409151,"endTime":0,"childRecords":[],"interuppted":false}],"interuppted":false}],"interuppted":false}